2022-09-28 14:19:19.154  INFO 14092 --- [main] o.s.nativex.NativeListener               : AOT mode disabled
2022-09-28 14:19:19.391  INFO 14092 --- [main] o.s.boot.SpringApplication               :  --------------------------------
 ____    _______    ____  
 ]   \      |      /    \ 
 ]    |     |      |      
 ]    |     |      |      
 ]___/      |      \____/ 
 Datacom Solusindo   2022 
                          
 Power Assistant My Reports
 --------------------------------

2022-09-28 14:19:20.135  INFO 14092 --- [main] c.d.reports.ReportsApplicationKt         : Starting ReportsApplicationKt using Java 17 on Datacom-2 with PID 14092 (D:\PROJECT\reports\target\classes started by Datacom in D:\PROJECT\reports)
2022-09-28 14:19:20.137  INFO 14092 --- [main] c.d.reports.ReportsApplicationKt         : No active profile set, falling back to 1 default profile: "default"
2022-09-28 14:19:27.792  INFO 14092 --- [main] .s.d.r.c.RepositoryConfigurationDelegate : Bootstrapping Spring Data JPA repositories in DEFAULT mode.
2022-09-28 14:19:28.041  INFO 14092 --- [main] .s.d.r.c.RepositoryConfigurationDelegate : Finished Spring Data repository scanning in 237 ms. Found 1 JPA repository interfaces.
2022-09-28 14:19:30.388  INFO 14092 --- [main] trationDelegate$BeanPostProcessorChecker : Bean 'methodSecurityConfig' of type [com.datacomsolusindo.reports.config.MethodSecurityConfig$$EnhancerBySpringCGLIB$$a0e3e838] is not eligible for getting processed by all BeanPostProcessors (for example: not eligible for auto-proxying)
2022-09-28 14:19:33.839  INFO 14092 --- [main] o.s.b.w.embedded.tomcat.TomcatWebServer  : Tomcat initialized with port(s): 9099 (http)
2022-09-28 14:19:33.911  INFO 14092 --- [main] o.apache.catalina.core.StandardService   : Starting service [Tomcat]
2022-09-28 14:19:33.912  INFO 14092 --- [main] org.apache.catalina.core.StandardEngine  : Starting Servlet engine: [Apache Tomcat/9.0.62]
2022-09-28 14:19:37.068  INFO 14092 --- [main] o.a.c.c.C.[Tomcat].[localhost].[/]       : Initializing Spring embedded WebApplicationContext
2022-09-28 14:19:37.068  INFO 14092 --- [main] w.s.c.ServletWebServerApplicationContext : Root WebApplicationContext: initialization completed in 16330 ms
2022-09-28 14:19:54.939  INFO 14092 --- [main] o.hibernate.jpa.internal.util.LogHelper  : HHH000204: Processing PersistenceUnitInfo [name: default]
2022-09-28 14:19:56.191  INFO 14092 --- [main] org.hibernate.Version                    : HHH000412: Hibernate ORM core version 5.6.8.Final
2022-09-28 14:19:56.450  INFO 14092 --- [main] o.hibernate.annotations.common.Version   : HCANN000001: Hibernate Commons Annotations {5.1.2.Final}
2022-09-28 14:19:57.378  INFO 14092 --- [main] com.zaxxer.hikari.HikariDataSource       : HikariPool-1 - Starting...
2022-09-28 14:20:00.807  INFO 14092 --- [main] com.zaxxer.hikari.HikariDataSource       : HikariPool-1 - Start completed.
2022-09-28 14:20:01.045  INFO 14092 --- [main] org.hibernate.dialect.Dialect            : HHH000400: Using dialect: org.hibernate.dialect.SQLServer2012Dialect
2022-09-28 14:20:04.397  INFO 14092 --- [main] o.h.e.t.j.p.i.JtaPlatformInitiator       : HHH000490: Using JtaPlatform implementation: [org.hibernate.engine.transaction.jta.platform.internal.NoJtaPlatform]
2022-09-28 14:20:04.405  INFO 14092 --- [main] j.LocalContainerEntityManagerFactoryBean : Initialized JPA EntityManagerFactory for persistence unit 'default'
2022-09-28 14:20:07.049  INFO 14092 --- [main] o.s.s.web.DefaultSecurityFilterChain     : Will secure any request with [org.springframework.security.web.context.request.async.WebAsyncManagerIntegrationFilter@782e0844, org.springframework.security.web.context.SecurityContextPersistenceFilter@42257df7, org.springframework.security.web.header.HeaderWriterFilter@30221cfa, org.springframework.web.filter.CorsFilter@608c7b5b, org.springframework.security.web.csrf.CsrfFilter@5f190cfe, org.springframework.security.web.authentication.logout.LogoutFilter@73bcd9b4, org.springframework.security.oauth2.server.resource.web.BearerTokenAuthenticationFilter@21be80f6, org.springframework.security.web.savedrequest.RequestCacheAwareFilter@5671078e, org.springframework.security.web.servletapi.SecurityContextHolderAwareRequestFilter@3fd21272, org.springframework.security.web.authentication.AnonymousAuthenticationFilter@2643ed03, org.springframework.security.web.session.SessionManagementFilter@3ee2d546, org.springframework.security.web.access.ExceptionTranslationFilter@24482a4f, org.springframework.security.web.access.intercept.FilterSecurityInterceptor@4cd9ee2c]
2022-09-28 14:20:07.744  WARN 14092 --- [main] JpaBaseConfiguration$JpaWebConfiguration : spring.jpa.open-in-view is enabled by default. Therefore, database queries may be performed during view rendering. Explicitly configure spring.jpa.open-in-view to disable this warning
2022-09-28 14:20:10.777  INFO 14092 --- [main] o.s.b.w.embedded.tomcat.TomcatWebServer  : Tomcat started on port(s): 9099 (http) with context path ''
2022-09-28 14:20:10.779  INFO 14092 --- [main] o.s.m.s.b.SimpleBrokerMessageHandler     : Starting...
2022-09-28 14:20:10.779  INFO 14092 --- [main] o.s.m.s.b.SimpleBrokerMessageHandler     : BrokerAvailabilityEvent[available=true, SimpleBrokerMessageHandler [org.springframework.messaging.simp.broker.DefaultSubscriptionRegistry@4eee730c]]
2022-09-28 14:20:10.780  INFO 14092 --- [main] o.s.m.s.b.SimpleBrokerMessageHandler     : Started.
2022-09-28 14:20:10.824  INFO 14092 --- [main] c.d.reports.ReportsApplicationKt         : Started ReportsApplicationKt in 53.654 seconds (JVM running for 57.879)
2022-09-28 14:20:10.827  INFO 14092 --- [main] c.d.reports.AppEventListeners            : application ready
2022-09-28 14:20:10.828  INFO 14092 --- [main] c.d.reports.AppEventListeners            : urlResource: http://127.0.0.1:9090
2022-09-28 14:20:10.828  INFO 14092 --- [main] c.d.r.config.WebSocketEventListener      : communication server start
2022-09-28 14:21:07.663  INFO 14092 --- [MessageBroker-1] o.s.w.s.c.WebSocketMessageBrokerStats    : WebSocketSession[0 current WS(0)-HttpStream(0)-HttpPoll(0), 0 total, 0 closed abnormally (0 connect failure, 0 send limit, 0 transport error)], stompSubProtocol[processed CONNECT(0)-CONNECTED(0)-DISCONNECT(0)], stompBrokerRelay[null], inboundChannel[pool size = 0, active threads = 0, queued tasks = 0, completed tasks = 0], outboundChannel[pool size = 0, active threads = 0, queued tasks = 0, completed tasks = 0], sockJsScheduler[pool size = 1, active threads = 1, queued tasks = 0, completed tasks = 0]
2022-09-28 14:21:50.437  INFO 3304 --- [main] o.s.nativex.NativeListener               : AOT mode disabled
2022-09-28 14:21:50.478  INFO 3304 --- [main] o.s.boot.SpringApplication               :  --------------------------------
 ____    _______    ____  
 ]   \      |      /    \ 
 ]    |     |      |      
 ]    |     |      |      
 ]___/      |      \____/ 
 Datacom Solusindo   2022 
                          
 Power Assistant My Reports
 --------------------------------

2022-09-28 14:21:50.630  INFO 3304 --- [main] c.d.reports.ReportsApplicationKt         : Starting ReportsApplicationKt using Java 17 on Datacom-2 with PID 3304 (D:\PROJECT\reports\target\classes started by Datacom in D:\PROJECT\reports)
2022-09-28 14:21:50.633  INFO 3304 --- [main] c.d.reports.ReportsApplicationKt         : No active profile set, falling back to 1 default profile: "default"
2022-09-28 14:21:52.113  INFO 3304 --- [main] .s.d.r.c.RepositoryConfigurationDelegate : Bootstrapping Spring Data JPA repositories in DEFAULT mode.
2022-09-28 14:21:52.204  INFO 3304 --- [main] .s.d.r.c.RepositoryConfigurationDelegate : Finished Spring Data repository scanning in 77 ms. Found 1 JPA repository interfaces.
2022-09-28 14:21:52.858  INFO 3304 --- [main] trationDelegate$BeanPostProcessorChecker : Bean 'methodSecurityConfig' of type [com.datacomsolusindo.reports.config.MethodSecurityConfig$$EnhancerBySpringCGLIB$$363fb658] is not eligible for getting processed by all BeanPostProcessors (for example: not eligible for auto-proxying)
2022-09-28 14:21:53.418  INFO 3304 --- [main] o.s.b.w.embedded.tomcat.TomcatWebServer  : Tomcat initialized with port(s): 9099 (http)
2022-09-28 14:21:53.432  INFO 3304 --- [main] o.apache.catalina.core.StandardService   : Starting service [Tomcat]
2022-09-28 14:21:53.433  INFO 3304 --- [main] org.apache.catalina.core.StandardEngine  : Starting Servlet engine: [Apache Tomcat/9.0.62]
2022-09-28 14:21:53.693  INFO 3304 --- [main] o.a.c.c.C.[Tomcat].[localhost].[/]       : Initializing Spring embedded WebApplicationContext
2022-09-28 14:21:53.693  INFO 3304 --- [main] w.s.c.ServletWebServerApplicationContext : Root WebApplicationContext: initialization completed in 2936 ms
2022-09-28 14:21:54.342  INFO 3304 --- [main] o.hibernate.jpa.internal.util.LogHelper  : HHH000204: Processing PersistenceUnitInfo [name: default]
2022-09-28 14:21:54.435  INFO 3304 --- [main] org.hibernate.Version                    : HHH000412: Hibernate ORM core version 5.6.8.Final
2022-09-28 14:21:54.512  INFO 3304 --- [main] o.hibernate.annotations.common.Version   : HCANN000001: Hibernate Commons Annotations {5.1.2.Final}
2022-09-28 14:21:54.690  INFO 3304 --- [main] com.zaxxer.hikari.HikariDataSource       : HikariPool-1 - Starting...
2022-09-28 14:21:55.153  INFO 3304 --- [main] com.zaxxer.hikari.HikariDataSource       : HikariPool-1 - Start completed.
2022-09-28 14:21:55.188  INFO 3304 --- [main] org.hibernate.dialect.Dialect            : HHH000400: Using dialect: org.hibernate.dialect.SQLServer2012Dialect
2022-09-28 14:21:56.253  INFO 3304 --- [main] o.h.e.t.j.p.i.JtaPlatformInitiator       : HHH000490: Using JtaPlatform implementation: [org.hibernate.engine.transaction.jta.platform.internal.NoJtaPlatform]
2022-09-28 14:21:56.263  INFO 3304 --- [main] j.LocalContainerEntityManagerFactoryBean : Initialized JPA EntityManagerFactory for persistence unit 'default'
2022-09-28 14:21:57.671  INFO 3304 --- [main] o.s.s.web.DefaultSecurityFilterChain     : Will secure any request with [org.springframework.security.web.context.request.async.WebAsyncManagerIntegrationFilter@56887c8f, org.springframework.security.web.context.SecurityContextPersistenceFilter@6018d82c, org.springframework.security.web.header.HeaderWriterFilter@5b9df3b3, org.springframework.web.filter.CorsFilter@3b1895e, org.springframework.security.web.csrf.CsrfFilter@1af6d656, org.springframework.security.web.authentication.logout.LogoutFilter@7ef3aa21, org.springframework.security.oauth2.server.resource.web.BearerTokenAuthenticationFilter@4687c184, org.springframework.security.web.savedrequest.RequestCacheAwareFilter@31ab75a5, org.springframework.security.web.servletapi.SecurityContextHolderAwareRequestFilter@17541204, org.springframework.security.web.authentication.AnonymousAuthenticationFilter@3083e6ef, org.springframework.security.web.session.SessionManagementFilter@2a7b5925, org.springframework.security.web.access.ExceptionTranslationFilter@70940cb8, org.springframework.security.web.access.intercept.FilterSecurityInterceptor@19656e21]
2022-09-28 14:21:58.071  WARN 3304 --- [main] JpaBaseConfiguration$JpaWebConfiguration : spring.jpa.open-in-view is enabled by default. Therefore, database queries may be performed during view rendering. Explicitly configure spring.jpa.open-in-view to disable this warning
2022-09-28 14:21:59.785  INFO 3304 --- [main] o.s.b.w.embedded.tomcat.TomcatWebServer  : Tomcat started on port(s): 9099 (http) with context path ''
2022-09-28 14:21:59.788  INFO 3304 --- [main] o.s.m.s.b.SimpleBrokerMessageHandler     : Starting...
2022-09-28 14:21:59.791  INFO 3304 --- [main] o.s.m.s.b.SimpleBrokerMessageHandler     : BrokerAvailabilityEvent[available=true, SimpleBrokerMessageHandler [org.springframework.messaging.simp.broker.DefaultSubscriptionRegistry@789d45f7]]
2022-09-28 14:21:59.792  INFO 3304 --- [main] o.s.m.s.b.SimpleBrokerMessageHandler     : Started.
2022-09-28 14:21:59.815  INFO 3304 --- [main] c.d.reports.ReportsApplicationKt         : Started ReportsApplicationKt in 9.77 seconds (JVM running for 10.643)
2022-09-28 14:21:59.818  INFO 3304 --- [main] c.d.reports.AppEventListeners            : application ready
2022-09-28 14:21:59.821  INFO 3304 --- [main] c.d.reports.AppEventListeners            : urlResource: http://192.168.100.18:9090
2022-09-28 14:21:59.822  INFO 3304 --- [main] c.d.r.config.WebSocketEventListener      : communication server start
2022-09-28 14:22:58.031  INFO 3304 --- [MessageBroker-1] o.s.w.s.c.WebSocketMessageBrokerStats    : WebSocketSession[0 current WS(0)-HttpStream(0)-HttpPoll(0), 0 total, 0 closed abnormally (0 connect failure, 0 send limit, 0 transport error)], stompSubProtocol[processed CONNECT(0)-CONNECTED(0)-DISCONNECT(0)], stompBrokerRelay[null], inboundChannel[pool size = 0, active threads = 0, queued tasks = 0, completed tasks = 0], outboundChannel[pool size = 0, active threads = 0, queued tasks = 0, completed tasks = 0], sockJsScheduler[pool size = 1, active threads = 1, queued tasks = 0, completed tasks = 0]
2022-09-28 14:52:58.049  INFO 3304 --- [MessageBroker-1] o.s.w.s.c.WebSocketMessageBrokerStats    : WebSocketSession[0 current WS(0)-HttpStream(0)-HttpPoll(0), 0 total, 0 closed abnormally (0 connect failure, 0 send limit, 0 transport error)], stompSubProtocol[processed CONNECT(0)-CONNECTED(0)-DISCONNECT(0)], stompBrokerRelay[null], inboundChannel[pool size = 0, active threads = 0, queued tasks = 0, completed tasks = 0], outboundChannel[pool size = 0, active threads = 0, queued tasks = 0, completed tasks = 0], sockJsScheduler[pool size = 2, active threads = 1, queued tasks = 0, completed tasks = 1]
